0 info it worked if it ends with ok
1 verbose cli [ '/usr/local/bin/node', '/usr/local/bin/npm', 'run', 'deploy' ]
2 info using npm@3.10.10
3 info using node@v6.9.4
4 verbose run-script [ 'predeploy', 'deploy', 'postdeploy' ]
5 info lifecycle helloworld-react-py@1.0.0~predeploy: helloworld-react-py@1.0.0
6 silly lifecycle helloworld-react-py@1.0.0~predeploy: no script for predeploy, continuing
7 info lifecycle helloworld-react-py@1.0.0~deploy: helloworld-react-py@1.0.0
8 verbose lifecycle helloworld-react-py@1.0.0~deploy: unsafe-perm in lifecycle true
9 verbose lifecycle helloworld-react-py@1.0.0~deploy: PATH: /usr/local/lib/node_modules/npm/bin/node-gyp-bin:/Users/sandeep/Desktop/my apps/app/Hello-World/node_modules/.bin:/Users/sandeep/google-cloud-sdk/bin:/usr/local/bin:/usr/bin:/bin:/usr/sbin:/sbin:/usr/local/git/bin:/Users/sandeep/Users/sandeep/Library/Android/sdk/tools:/Users/sandeep/Users/sandeep/Library/Android/sdk/platform-tools
10 verbose lifecycle helloworld-react-py@1.0.0~deploy: CWD: /Users/sandeep/Desktop/my apps/app/Hello-World
11 silly lifecycle helloworld-react-py@1.0.0~deploy: Args: [ '-c',
11 silly lifecycle   'NODE_ENV=production webpack --progress && appcfg.py update app/' ]
12 info lifecycle helloworld-react-py@1.0.0~deploy: Failed to exec deploy script
13 verbose stack Error: helloworld-react-py@1.0.0 deploy: `NODE_ENV=production webpack --progress && appcfg.py update app/`
13 verbose stack spawn ENOENT
13 verbose stack     at ChildProcess.<anonymous> (/usr/local/lib/node_modules/npm/lib/utils/spawn.js:33:16)
13 verbose stack     at emitTwo (events.js:106:13)
13 verbose stack     at ChildProcess.emit (events.js:191:7)
13 verbose stack     at maybeClose (internal/child_process.js:877:16)
13 verbose stack     at Process.ChildProcess._handle.onexit (internal/child_process.js:226:5)
14 verbose pkgid helloworld-react-py@1.0.0
15 verbose cwd /Users/sandeep/Desktop/my apps/app/Hello-World
16 error Darwin 16.4.0
17 error argv "/usr/local/bin/node" "/usr/local/bin/npm" "run" "deploy"
18 error node v6.9.4
19 error npm  v3.10.10
20 error file sh
21 error code ELIFECYCLE
22 error errno ENOENT
23 error syscall spawn
24 error helloworld-react-py@1.0.0 deploy: `NODE_ENV=production webpack --progress && appcfg.py update app/`
24 error spawn ENOENT
25 error Failed at the helloworld-react-py@1.0.0 deploy script 'NODE_ENV=production webpack --progress && appcfg.py update app/'.
25 error Make sure you have the latest version of node.js and npm installed.
25 error If you do, this is most likely a problem with the helloworld-react-py package,
25 error not with npm itself.
25 error Tell the author that this fails on your system:
25 error     NODE_ENV=production webpack --progress && appcfg.py update app/
25 error You can get information on how to open an issue for this project with:
25 error     npm bugs helloworld-react-py
25 error Or if that isn't available, you can get their info via:
25 error     npm owner ls helloworld-react-py
25 error There is likely additional logging output above.
26 verbose exit [ 1, true ]
